<?xml version="1.0" encoding="UTF-8"?>
<!-- Generated by org.testng.reporters.JUnitXMLReporter -->
<testsuite hostname="NADEEM-NZ" ignored="1" name="HomePageTests" tests="4" failures="1" timestamp="2020-08-26T22:19:25 NZST" time="41.479" errors="0">
  <testcase name="checkUserlandsOnHomePage" time="2.564" classname="xeroTestCases.verifyXeroDemoTests"/>
  <testcase name="CheckLoginButtonOnHomePage" time="7.004" classname="xeroTestCases.verifyXeroDemoTests">
    <failure type="java.lang.AssertionError" message="expected [Login | Xero Accounting Software] but found []">
      <![CDATA[java.lang.AssertionError: expected [Login | Xero Accounting Software] but found []
at xeroTestCases.verifyXeroDemoTests.CheckLoginButtonOnHomePage(verifyXeroDemoTests.java:50)
at java.util.ArrayList.forEach(ArrayList.java:1257)
... Removed 36 stack frames]]>
    </failure>
  </testcase> <!-- CheckLoginButtonOnHomePage -->
  <testcase name="VerifyValidLoginToXero" time="7.099" classname="xeroTestCases.verifyXeroDemoTests"/>
  <testcase name="VerifyAccountSetup" time="24.454" classname="xeroTestCases.verifyXeroDemoTests"/>
  <testcase name="VerifyCompanyRegistration" time="0.0" classname="xeroTestCases.verifyXeroDemoTests">
    <ignored/>
  </testcase> <!-- VerifyCompanyRegistration -->
</testsuite> <!-- HomePageTests -->
