<?xml version="1.0" encoding="UTF-8"?>
<testng-results skipped="0" failed="1" ignored="1" total="5" passed="3">
  <reporter-output>
  </reporter-output>
  <suite name="XeroDemoProject" duration-ms="41479" started-at="2020-08-26T22:18:43 NZST" finished-at="2020-08-26T22:19:25 NZST">
    <groups>
    </groups>
    <test name="HomePageTests" duration-ms="41479" started-at="2020-08-26T22:18:43 NZST" finished-at="2020-08-26T22:19:25 NZST">
      <class name="xeroTestCases.verifyXeroDemoTests">
        <test-method status="PASS" signature="prepareSetupForTesting()[pri:0, instance:xeroTestCases.verifyXeroDemoTests@c273d3]" name="prepareSetupForTesting" is-config="true" duration-ms="32433" started-at="2020-08-26T22:18:11 NZST" finished-at="2020-08-26T22:18:43 NZST">
          <reporter-output>
          </reporter-output>
        </test-method> <!-- prepareSetupForTesting -->
        <test-method status="PASS" signature="checkUserlandsOnHomePage()[pri:0, instance:xeroTestCases.verifyXeroDemoTests@c273d3]" name="checkUserlandsOnHomePage" duration-ms="2564" started-at="2020-08-26T22:18:43 NZST" finished-at="2020-08-26T22:18:46 NZST">
          <reporter-output>
          </reporter-output>
        </test-method> <!-- checkUserlandsOnHomePage -->
        <test-method status="FAIL" signature="CheckLoginButtonOnHomePage()[pri:0, instance:xeroTestCases.verifyXeroDemoTests@c273d3]" name="CheckLoginButtonOnHomePage" duration-ms="7004" started-at="2020-08-26T22:18:46 NZST" finished-at="2020-08-26T22:18:53 NZST">
          <exception class="java.lang.AssertionError">
            <message>
              <![CDATA[expected [Login | Xero Accounting Software] but found []]]>
            </message>
            <full-stacktrace>
              <![CDATA[java.lang.AssertionError: expected [Login | Xero Accounting Software] but found []
at org.testng.Assert.fail(Assert.java:97)
at org.testng.Assert.assertEqualsImpl(Assert.java:136)
at org.testng.Assert.assertEquals(Assert.java:118)
at org.testng.Assert.assertEquals(Assert.java:575)
at org.testng.Assert.assertEquals(Assert.java:585)
at xeroTestCases.verifyXeroDemoTests.CheckLoginButtonOnHomePage(verifyXeroDemoTests.java:50)
at sun.reflect.NativeMethodAccessorImpl.invoke0(Native Method)
at sun.reflect.NativeMethodAccessorImpl.invoke(NativeMethodAccessorImpl.java:62)
at sun.reflect.DelegatingMethodAccessorImpl.invoke(DelegatingMethodAccessorImpl.java:43)
at java.lang.reflect.Method.invoke(Method.java:498)
at org.testng.internal.MethodInvocationHelper.invokeMethod(MethodInvocationHelper.java:133)
at org.testng.internal.TestInvoker.invokeMethod(TestInvoker.java:584)
at org.testng.internal.TestInvoker.invokeTestMethod(TestInvoker.java:172)
at org.testng.internal.MethodRunner.runInSequence(MethodRunner.java:46)
at org.testng.internal.TestInvoker$MethodInvocationAgent.invoke(TestInvoker.java:804)
at org.testng.internal.TestInvoker.invokeTestMethods(TestInvoker.java:145)
at org.testng.internal.TestMethodWorker.invokeTestMethods(TestMethodWorker.java:146)
at org.testng.internal.TestMethodWorker.run(TestMethodWorker.java:128)
at java.util.ArrayList.forEach(ArrayList.java:1257)
at org.testng.TestRunner.privateRun(TestRunner.java:770)
at org.testng.TestRunner.run(TestRunner.java:591)
at org.testng.SuiteRunner.runTest(SuiteRunner.java:402)
at org.testng.SuiteRunner.runSequentially(SuiteRunner.java:396)
at org.testng.SuiteRunner.privateRun(SuiteRunner.java:355)
at org.testng.SuiteRunner.run(SuiteRunner.java:304)
at org.testng.SuiteRunnerWorker.runSuite(SuiteRunnerWorker.java:53)
at org.testng.SuiteRunnerWorker.run(SuiteRunnerWorker.java:96)
at org.testng.TestNG.runSuitesSequentially(TestNG.java:1180)
at org.testng.TestNG.runSuitesLocally(TestNG.java:1102)
at org.testng.TestNG.runSuites(TestNG.java:1032)
at org.testng.TestNG.run(TestNG.java:1000)
at org.apache.maven.surefire.testng.TestNGExecutor.run(TestNGExecutor.java:284)
at org.apache.maven.surefire.testng.TestNGXmlTestSuite.execute(TestNGXmlTestSuite.java:75)
at org.apache.maven.surefire.testng.TestNGProvider.invoke(TestNGProvider.java:119)
at org.apache.maven.surefire.booter.ForkedBooter.runSuitesInProcess(ForkedBooter.java:428)
at org.apache.maven.surefire.booter.ForkedBooter.execute(ForkedBooter.java:162)
at org.apache.maven.surefire.booter.ForkedBooter.run(ForkedBooter.java:562)
at org.apache.maven.surefire.booter.ForkedBooter.main(ForkedBooter.java:548)
]]>
            </full-stacktrace>
          </exception> <!-- java.lang.AssertionError -->
          <reporter-output>
          </reporter-output>
        </test-method> <!-- CheckLoginButtonOnHomePage -->
        <test-method status="PASS" signature="VerifyValidLoginToXero(java.lang.String, java.lang.String)[pri:0, instance:xeroTestCases.verifyXeroDemoTests@c273d3]" name="VerifyValidLoginToXero" duration-ms="7099" started-at="2020-08-26T22:18:53 NZST" finished-at="2020-08-26T22:19:00 NZST">
          <params>
            <param index="0">
              <value>
                <![CDATA[nadeem.shine@gmail.com]]>
              </value>
            </param>
            <param index="1">
              <value>
                <![CDATA[TigerTiger112]]>
              </value>
            </param>
          </params>
          <reporter-output>
          </reporter-output>
        </test-method> <!-- VerifyValidLoginToXero -->
        <test-method status="PASS" signature="VerifyAccountSetup()[pri:0, instance:xeroTestCases.verifyXeroDemoTests@c273d3]" name="VerifyAccountSetup" duration-ms="24454" started-at="2020-08-26T22:19:00 NZST" finished-at="2020-08-26T22:19:25 NZST">
          <reporter-output>
          </reporter-output>
        </test-method> <!-- VerifyAccountSetup -->
        <test-method status="PASS" signature="TearDown()[pri:0, instance:xeroTestCases.verifyXeroDemoTests@c273d3]" name="TearDown" is-config="true" duration-ms="1582" started-at="2020-08-26T22:19:25 NZST" finished-at="2020-08-26T22:19:27 NZST">
          <reporter-output>
          </reporter-output>
        </test-method> <!-- TearDown -->
      </class> <!-- xeroTestCases.verifyXeroDemoTests -->
    </test> <!-- HomePageTests -->
  </suite> <!-- XeroDemoProject -->
</testng-results>
